<?xml version="1.0" encoding="UTF-8"?>
<!-- Generated by org.testng.reporters.JUnitXMLReporter -->
<testsuite hostname="hp-11" ignored="0" name="Default test" tests="3" failures="0" timestamp="26 oct 2017 07:23:40 GMT" time="29.564" errors="0">
  <testcase name="login" time="4.961" classname="scriptsSimples.ReservaCruceroVariosMetodos"/>
  <testcase name="ingresoCruises" time="2.324" classname="scriptsSimples.ReservaCruceroVariosMetodos"/>
  <testcase name="reservar" time="13.523" classname="scriptsSimples.ReservaCruceroVariosMetodos"/>
</testsuite> <!-- Default test -->
