<?xml version="1.0" encoding="UTF-8"?>
<!-- Generated by org.testng.reporters.JUnitXMLReporter -->
<testsuite hostname="hp-11" ignored="0" name="Default test" tests="3" failures="0" timestamp="30 oct 2017 04:48:31 GMT" time="28.88" errors="0">
  <testcase name="validarTextLinks" time="0.52" classname="test.RegisterTest"/>
  <testcase name="verificarCamposRegister" time="4.976" classname="test.RegisterTest"/>
  <testcase name="registrase" time="13.943" classname="test.RegisterTest"/>
</testsuite> <!-- Default test -->
