<?xml version="1.0" encoding="UTF-8"?>
<!-- Generated by org.testng.reporters.JUnitXMLReporter -->
<testsuite hostname="hp-11" ignored="0" name="t002" tests="3" failures="0" timestamp="04 nov 2017 01:25:36 GMT" time="21.758" errors="0">
  <testcase name="validarTextLinks" time="5.018" classname="test.FindFlightTest"/>
  <testcase name="verificarElementosFindFlight" time="3.202" classname="test.FindFlightTest"/>
  <testcase name="seleccionarOpcionesVuelo" time="8.928" classname="test.FindFlightTest"/>
</testsuite> <!-- t002 -->
