<?xml version="1.0" encoding="UTF-8"?>
<!-- Generated by org.testng.reporters.JUnitXMLReporter -->
<testsuite hostname="hp-11" ignored="0" name="t002" tests="3" failures="0" timestamp="02 nov 2017 20:33:13 GMT" time="24.452" errors="0">
  <testcase name="validarTextLinks" time="6.576" classname="test.FindFlightTest"/>
  <testcase name="verificarElementosFindFlight" time="3.585" classname="test.FindFlightTest"/>
  <testcase name="seleccionarOpcionesVuelo" time="8.521" classname="test.FindFlightTest"/>
</testsuite> <!-- t002 -->
