<?xml version="1.0" encoding="UTF-8"?>
<!-- Generated by org.testng.reporters.JUnitXMLReporter -->
<testsuite hostname="hp-11" ignored="0" name="t003" tests="3" failures="0" timestamp="02 nov 2017 20:33:39 GMT" time="26.218" errors="0">
  <testcase name="validarTextLinks" time="15.482" classname="test.SelectFlightTest"/>
  <testcase name="verificarElementosFindFlight" time="2.091" classname="test.SelectFlightTest"/>
  <testcase name="seleccionarDepartAndReturn" time="2.587" classname="test.SelectFlightTest"/>
</testsuite> <!-- t003 -->
