<?xml version="1.0" encoding="UTF-8"?>
<!-- Generated by org.testng.reporters.JUnitXMLReporter -->
<testsuite hostname="hp-11" ignored="0" name="t003" tests="3" failures="0" timestamp="04 nov 2017 01:25:59 GMT" time="23.207" errors="0">
  <testcase name="validarTextLinks" time="13.893" classname="test.SelectFlightTest"/>
  <testcase name="verificarElementosFindFlight" time="1.892" classname="test.SelectFlightTest"/>
  <testcase name="seleccionarDepartAndReturn" time="2.366" classname="test.SelectFlightTest"/>
</testsuite> <!-- t003 -->
