<?xml version="1.0" encoding="UTF-8"?>
<!-- Generated by org.testng.reporters.JUnitXMLReporter -->
<testsuite hostname="hp-11" ignored="0" name="t004" tests="3" failures="0" timestamp="04 nov 2017 01:26:48 GMT" time="48.766" errors="0">
  <testcase name="validarTextLinks" time="15.89" classname="test.BookFlightTest"/>
  <testcase name="verificarElementosBookFlight" time="5.956" classname="test.BookFlightTest"/>
  <testcase name="seleccionarOpcionesBookFlight" time="22.105" classname="test.BookFlightTest"/>
</testsuite> <!-- t004 -->
