<?xml version="1.0" encoding="UTF-8"?>
<!-- Generated by org.testng.reporters.JUnitXMLReporter -->
<testsuite hostname="hp-11" ignored="0" name="t005" tests="3" failures="0" timestamp="04 nov 2017 01:37:53 GMT" time="50.886" errors="0">
  <testcase name="validarTextLinks" time="44.304" classname="test.FlightConfirmationTest"/>
  <testcase name="verificarElementosFlightConfirmation" time="0.864" classname="test.FlightConfirmationTest"/>
  <testcase name="seleccionarOpcionesConfirmationFlight" time="1.03" classname="test.FlightConfirmationTest"/>
</testsuite> <!-- t005 -->
