<?xml version="1.0" encoding="UTF-8"?>
<!-- Generated by org.testng.reporters.JUnitXMLReporter -->
<testsuite hostname="hp-11" ignored="0" name="t005" tests="3" failures="0" timestamp="04 nov 2017 01:27:34 GMT" time="45.972" errors="0">
  <testcase name="validarTextLinks" time="39.651" classname="test.FlightConfirmationTest"/>
  <testcase name="verificarElementosFlightConfirmation" time="0.72" classname="test.FlightConfirmationTest"/>
  <testcase name="seleccionarOpcionesConfirmationFlight" time="1.022" classname="test.FlightConfirmationTest"/>
</testsuite> <!-- t005 -->
