<?xml version="1.0" encoding="UTF-8"?>
<testng-results skipped="0" failed="0" ignored="0" total="3" passed="3">
  <reporter-output>
  </reporter-output>
  <suite name="Default suite" duration-ms="20273" started-at="2017-10-28T20:12:09Z" finished-at="2017-10-28T20:12:30Z">
    <groups>
    </groups>
    <test name="Default test" duration-ms="20273" started-at="2017-10-28T20:12:09Z" finished-at="2017-10-28T20:12:30Z">
      <class name="test.LoginTest">
        <test-method status="PASS" signature="initializeTestBaseSetup()[pri:0, instance:test.LoginTest@c038203]" name="initializeTestBaseSetup" is-config="true" duration-ms="9638" started-at="2017-10-28T15:12:09Z" finished-at="2017-10-28T15:12:19Z">
          <reporter-output>
          </reporter-output>
        </test-method> <!-- initializeTestBaseSetup -->
        <test-method status="PASS" signature="validarTextLinks()[pri:0, instance:test.LoginTest@c038203]" name="validarTextLinks" duration-ms="1385" started-at="2017-10-28T15:12:19Z" finished-at="2017-10-28T15:12:20Z">
          <reporter-output>
          </reporter-output>
        </test-method> <!-- validarTextLinks -->
        <test-method status="PASS" signature="verificarCamposLogin()[pri:1, instance:test.LoginTest@c038203]" name="verificarCamposLogin" duration-ms="753" started-at="2017-10-28T15:12:20Z" finished-at="2017-10-28T15:12:21Z">
          <reporter-output>
          </reporter-output>
        </test-method> <!-- verificarCamposLogin -->
        <test-method status="PASS" signature="autenticarse()[pri:2, instance:test.LoginTest@c038203]" name="autenticarse" duration-ms="8129" started-at="2017-10-28T15:12:21Z" finished-at="2017-10-28T15:12:29Z">
          <reporter-output>
          </reporter-output>
        </test-method> <!-- autenticarse -->
        <test-method status="PASS" signature="tearDown()[pri:0, instance:test.LoginTest@c038203]" name="tearDown" is-config="true" duration-ms="242" started-at="2017-10-28T15:12:29Z" finished-at="2017-10-28T15:12:30Z">
          <reporter-output>
          </reporter-output>
        </test-method> <!-- tearDown -->
      </class> <!-- test.LoginTest -->
    </test> <!-- Default test -->
  </suite> <!-- Default suite -->
</testng-results>
